#
# There is insufficient memory for the Java Runtime Environment to continue.
# Native memory allocation (malloc) failed to allocate 262288 bytes for Chunk::new
# Possible reasons:
#   The system is out of physical RAM or swap space
#   In 32 bit mode, the process size limit was hit
# Possible solutions:
#   Reduce memory load on the system
#   Increase physical memory or swap space
#   Check if swap backing store is full
#   Use 64 bit Java on a 64 bit OS
#   Decrease Java heap size (-Xmx/-Xms)
#   Decrease number of Java threads
#   Decrease Java thread stack sizes (-Xss)
#   Set larger code cache with -XX:ReservedCodeCacheSize=
# This output file may be truncated or incomplete.
#
#  Out of Memory Error (allocation.cpp:390), pid=3608, tid=2080
#
# JRE version: Java(TM) SE Runtime Environment (8.0_40-b26) (build 1.8.0_40-b26)
# Java VM: Java HotSpot(TM) 64-Bit Server VM (25.40-b25 mixed mode windows-amd64 compressed oops)
# Failed to write core dump. Minidumps are not enabled by default on client versions of Windows
#

---------------  T H R E A D  ---------------

Current thread (0x0000000017af3800):  JavaThread "C2 CompilerThread0" daemon [_thread_in_native, id=2080, stack(0x0000000017f90000,0x0000000018090000)]

Stack: [0x0000000017f90000,0x0000000018090000]
Native frames: (J=compiled Java code, j=interpreted, Vv=VM code, C=native code)
V  [jvm.dll+0x32b47a]
V  [jvm.dll+0x2797f3]
V  [jvm.dll+0x27a489]
V  [jvm.dll+0x2717a5]
V  [jvm.dll+0xcb9a2]
V  [jvm.dll+0xcbe6c]
V  [jvm.dll+0x464332]
V  [jvm.dll+0x47ffc7]
V  [jvm.dll+0x481ed9]
V  [jvm.dll+0x482daa]
V  [jvm.dll+0x46a65c]
V  [jvm.dll+0x46cd52]
V  [jvm.dll+0x4500d2]
V  [jvm.dll+0xa4312]
V  [jvm.dll+0xa4c4f]
V  [jvm.dll+0x241914]
V  [jvm.dll+0x29848a]
C  [msvcr100.dll+0x21d9f]
C  [msvcr100.dll+0x21e3b]
C  [KERNEL32.DLL+0x11fe4]
C  [ntdll.dll+0x6f061]


Current CompileTask:
C2:  16139 3029   !   4       javafx.scene.CssStyleHelper::transitionToState (1075 bytes)


---------------  P R O C E S S  ---------------

Java Threads: ( => current thread )
  0x0000000017c7d800 JavaThread "MySQL Statement Cancellation Timer" daemon [_thread_blocked, id=6088, stack(0x000000001c630000,0x000000001c730000)]
  0x0000000017e61800 JavaThread "Prism Font Disposer" daemon [_thread_blocked, id=2352, stack(0x000000001c530000,0x000000001c630000)]
  0x0000000018458000 JavaThread "JavaFX-Launcher" [_thread_blocked, id=8700, stack(0x000000001ab80000,0x000000001ac80000)]
  0x0000000018455000 JavaThread "Thread-2" daemon [_thread_in_native, id=3800, stack(0x000000001aa80000,0x000000001ab80000)]
  0x00000000183e3000 JavaThread "JavaFX Application Thread" [_thread_in_native, id=3236, stack(0x0000000018e80000,0x0000000018f80000)]
  0x00000000183c9800 JavaThread "Thread-1" daemon [_thread_blocked, id=5020, stack(0x0000000018d70000,0x0000000018e70000)]
  0x00000000183a4000 JavaThread "QuantumRenderer-0" daemon [_thread_blocked, id=9032, stack(0x0000000018b90000,0x0000000018c90000)]
  0x0000000017b70000 JavaThread "Service Thread" daemon [_thread_blocked, id=8380, stack(0x0000000018190000,0x0000000018290000)]
  0x0000000017b00000 JavaThread "C1 CompilerThread1" daemon [_thread_blocked, id=7528, stack(0x0000000018090000,0x0000000018190000)]
=>0x0000000017af3800 JavaThread "C2 CompilerThread0" daemon [_thread_in_native, id=2080, stack(0x0000000017f90000,0x0000000018090000)]
  0x0000000017af2000 JavaThread "Monitor Ctrl-Break" daemon [_thread_in_native, id=5172, stack(0x0000000017e90000,0x0000000017f90000)]
  0x0000000016b46800 JavaThread "Attach Listener" daemon [_thread_blocked, id=4624, stack(0x0000000017990000,0x0000000017a90000)]
  0x0000000016b43800 JavaThread "Signal Dispatcher" daemon [_thread_blocked, id=8044, stack(0x0000000017890000,0x0000000017990000)]
  0x000000000497e000 JavaThread "Finalizer" daemon [_thread_blocked, id=1544, stack(0x0000000017790000,0x0000000017890000)]
  0x000000000497b800 JavaThread "Reference Handler" daemon [_thread_blocked, id=3204, stack(0x0000000017690000,0x0000000017790000)]
  0x0000000002e3e000 JavaThread "main" [_thread_blocked, id=6204, stack(0x0000000004600000,0x0000000004700000)]

Other Threads:
  0x0000000016b15800 VMThread [stack: 0x0000000017590000,0x0000000017690000] [id=3400]
  0x0000000017b72800 WatcherThread [stack: 0x0000000018290000,0x0000000018390000] [id=7816]

VM state:not at safepoint (normal execution)

VM Mutex/Monitor currently owned by a thread: None

Heap:
 PSYoungGen      total 20480K, used 13126K [0x00000000ec400000, 0x00000000eed00000, 0x0000000100000000)
  eden space 13312K, 50% used [0x00000000ec400000,0x00000000eca8dac8,0x00000000ed100000)
  from space 7168K, 89% used [0x00000000ed100000,0x00000000ed744010,0x00000000ed800000)
  to   space 7680K, 0% used [0x00000000ee580000,0x00000000ee580000,0x00000000eed00000)
 ParOldGen       total 40960K, used 8693K [0x00000000c4c00000, 0x00000000c7400000, 0x00000000ec400000)
  object space 40960K, 21% used [0x00000000c4c00000,0x00000000c547d7e0,0x00000000c7400000)
 Metaspace       used 20158K, capacity 21250K, committed 21296K, reserved 1067008K
  class space    used 2706K, capacity 2932K, committed 2944K, reserved 1048576K

Card table byte_map: [0x0000000013d50000,0x0000000013f30000] byte_map_base: 0x000000001372a000

Marking Bits: (ParMarkBitMap*) 0x00000000514b4040
 Begin Bits: [0x0000000014270000, 0x0000000015140000)
 End Bits:   [0x0000000015140000, 0x0000000016010000)

Polling page: 0x0000000002e20000

CodeCache: size=245760Kb used=10838Kb max_used=10838Kb free=234921Kb
 bounds [0x0000000004990000, 0x0000000005430000, 0x0000000013990000]
 total_blobs=3749 nmethods=3097 adapters=564
 compilation: enabled

Compilation events (10 events):
Event: 15.775 Thread 0x0000000017b00000 3056       2       javafx.scene.control.Control::computePrefWidth (51 bytes)
Event: 15.776 Thread 0x0000000017b00000 nmethod 3056 0x00000000054147d0 code [0x0000000005414960, 0x0000000005414b88]
Event: 15.776 Thread 0x0000000017b00000 3057       1       javafx.scene.text.Text$TextAttribute::access$1900 (5 bytes)
Event: 15.776 Thread 0x0000000017b00000 nmethod 3057 0x0000000005414c50 code [0x0000000005414da0, 0x0000000005414e90]
Event: 15.776 Thread 0x0000000017b00000 3058       1       javafx.scene.text.Text$TextAttribute::access$2000 (5 bytes)
Event: 15.776 Thread 0x0000000017b00000 nmethod 3058 0x0000000005414f10 code [0x0000000005415060, 0x0000000005415150]
Event: 15.776 Thread 0x0000000017b00000 3059       1       javafx.scene.text.Text$TextAttribute::access$2100 (5 bytes)
Event: 15.776 Thread 0x0000000017b00000 nmethod 3059 0x00000000054151d0 code [0x0000000005415320, 0x0000000005415410]
Event: 15.776 Thread 0x0000000017b00000 3060       1       javafx.scene.text.Text$TextAttribute::access$2200 (5 bytes)
Event: 15.777 Thread 0x0000000017b00000 nmethod 3060 0x0000000005415490 code [0x00000000054155e0, 0x00000000054156d0]

GC Heap History (10 events):
Event: 8.934 GC heap before
{Heap before GC invocations=3 (full 0):
 PSYoungGen      total 17920K, used 17916K [0x00000000ec400000, 0x00000000ed800000, 0x0000000100000000)
  eden space 15360K, 100% used [0x00000000ec400000,0x00000000ed300000,0x00000000ed300000)
  from space 2560K, 99% used [0x00000000ed580000,0x00000000ed7ff1f8,0x00000000ed800000)
  to   space 2560K, 0% used [0x00000000ed300000,0x00000000ed300000,0x00000000ed580000)
 ParOldGen       total 40960K, used 1632K [0x00000000c4c00000, 0x00000000c7400000, 0x00000000ec400000)
  object space 40960K, 3% used [0x00000000c4c00000,0x00000000c4d980a8,0x00000000c7400000)
 Metaspace       used 14518K, capacity 14994K, committed 15232K, reserved 1062912K
  class space    used 1780K, capacity 1912K, committed 1920K, reserved 1048576K
Event: 8.950 GC heap after
Heap after GC invocations=3 (full 0):
 PSYoungGen      total 17920K, used 2544K [0x00000000ec400000, 0x00000000ed800000, 0x0000000100000000)
  eden space 15360K, 0% used [0x00000000ec400000,0x00000000ec400000,0x00000000ed300000)
  from space 2560K, 99% used [0x00000000ed300000,0x00000000ed57c070,0x00000000ed580000)
  to   space 2560K, 0% used [0x00000000ed580000,0x00000000ed580000,0x00000000ed800000)
 ParOldGen       total 40960K, used 2972K [0x00000000c4c00000, 0x00000000c7400000, 0x00000000ec400000)
  object space 40960K, 7% used [0x00000000c4c00000,0x00000000c4ee72a0,0x00000000c7400000)
 Metaspace       used 14518K, capacity 14994K, committed 15232K, reserved 1062912K
  class space    used 1780K, capacity 1912K, committed 1920K, reserved 1048576K
}
Event: 10.060 GC heap before
{Heap before GC invocations=4 (full 0):
 PSYoungGen      total 17920K, used 17904K [0x00000000ec400000, 0x00000000ed800000, 0x0000000100000000)
  eden space 15360K, 100% used [0x00000000ec400000,0x00000000ed300000,0x00000000ed300000)
  from space 2560K, 99% used [0x00000000ed300000,0x00000000ed57c070,0x00000000ed580000)
  to   space 2560K, 0% used [0x00000000ed580000,0x00000000ed580000,0x00000000ed800000)
 ParOldGen       total 40960K, used 2972K [0x00000000c4c00000, 0x00000000c7400000, 0x00000000ec400000)
  object space 40960K, 7% used [0x00000000c4c00000,0x00000000c4ee72a0,0x00000000c7400000)
 Metaspace       used 14880K, capacity 15364K, committed 15616K, reserved 1062912K
  class space    used 1817K, capacity 1931K, committed 2048K, reserved 1048576K
Event: 10.069 GC heap after
Heap after GC invocations=4 (full 0):
 PSYoungGen      total 17920K, used 2544K [0x00000000ec400000, 0x00000000ed800000, 0x0000000100000000)
  eden space 15360K, 0% used [0x00000000ec400000,0x00000000ec400000,0x00000000ed300000)
  from space 2560K, 99% used [0x00000000ed580000,0x00000000ed7fc070,0x00000000ed800000)
  to   space 2560K, 0% used [0x00000000ed300000,0x00000000ed300000,0x00000000ed580000)
 ParOldGen       total 40960K, used 3332K [0x00000000c4c00000, 0x00000000c7400000, 0x00000000ec400000)
  object space 40960K, 8% used [0x00000000c4c00000,0x00000000c4f412c0,0x00000000c7400000)
 Metaspace       used 14880K, capacity 15364K, committed 15616K, reserved 1062912K
  class space    used 1817K, capacity 1931K, committed 2048K, reserved 1048576K
}
Event: 12.631 GC heap before
{Heap before GC invocations=5 (full 0):
 PSYoungGen      total 17920K, used 17904K [0x00000000ec400000, 0x00000000ed800000, 0x0000000100000000)
  eden space 15360K, 100% used [0x00000000ec400000,0x00000000ed300000,0x00000000ed300000)
  from space 2560K, 99% used [0x00000000ed580000,0x00000000ed7fc070,0x00000000ed800000)
  to   space 2560K, 0% used [0x00000000ed300000,0x00000000ed300000,0x00000000ed580000)
 ParOldGen       total 40960K, used 3332K [0x00000000c4c00000, 0x00000000c7400000, 0x00000000ec400000)
  object space 40960K, 8% used [0x00000000c4c00000,0x00000000c4f412c0,0x00000000c7400000)
 Metaspace       used 18771K, capacity 19722K, committed 19968K, reserved 1067008K
  class space    used 2569K, capacity 2798K, committed 2816K, reserved 1048576K
Event: 12.648 GC heap after
Heap after GC invocations=5 (full 0):
 PSYoungGen      total 17920K, used 2528K [0x00000000ec400000, 0x00000000edd00000, 0x0000000100000000)
  eden space 15360K, 0% used [0x00000000ec400000,0x00000000ec400000,0x00000000ed300000)
  from space 2560K, 98% used [0x00000000ed300000,0x00000000ed578040,0x00000000ed580000)
  to   space 5120K, 0% used [0x00000000ed800000,0x00000000ed800000,0x00000000edd00000)
 ParOldGen       total 40960K, used 4896K [0x00000000c4c00000, 0x00000000c7400000, 0x00000000ec400000)
  object space 40960K, 11% used [0x00000000c4c00000,0x00000000c50c8310,0x00000000c7400000)
 Metaspace       used 18771K, capacity 19722K, committed 19968K, reserved 1067008K
  class space    used 2569K, capacity 2798K, committed 2816K, reserved 1048576K
}
Event: 14.119 GC heap before
{Heap before GC invocations=6 (full 0):
 PSYoungGen      total 17920K, used 17888K [0x00000000ec400000, 0x00000000edd00000, 0x0000000100000000)
  eden space 15360K, 100% used [0x00000000ec400000,0x00000000ed300000,0x00000000ed300000)
  from space 2560K, 98% used [0x00000000ed300000,0x00000000ed578040,0x00000000ed580000)
  to   space 5120K, 0% used [0x00000000ed800000,0x00000000ed800000,0x00000000edd00000)
 ParOldGen       total 40960K, used 4896K [0x00000000c4c00000, 0x00000000c7400000, 0x00000000ec400000)
  object space 40960K, 11% used [0x00000000c4c00000,0x00000000c50c8310,0x00000000c7400000)
 Metaspace       used 19663K, capacity 20710K, committed 20864K, reserved 1067008K
  class space    used 2666K, capacity 2878K, committed 2944K, reserved 1048576K
Event: 14.145 GC heap after
Heap after GC invocations=6 (full 0):
 PSYoungGen      total 18432K, used 5088K [0x00000000ec400000, 0x00000000ee100000, 0x0000000100000000)
  eden space 13312K, 0% used [0x00000000ec400000,0x00000000ec400000,0x00000000ed100000)
  from space 5120K, 99% used [0x00000000ed800000,0x00000000edcf8020,0x00000000edd00000)
  to   space 7168K, 0% used [0x00000000ed100000,0x00000000ed100000,0x00000000ed800000)
 ParOldGen       total 40960K, used 6873K [0x00000000c4c00000, 0x00000000c7400000, 0x00000000ec400000)
  object space 40960K, 16% used [0x00000000c4c00000,0x00000000c52b6650,0x00000000c7400000)
 Metaspace       used 19663K, capacity 20710K, committed 20864K, reserved 1067008K
  class space    used 2666K, capacity 2878K, committed 2944K, reserved 1048576K
}
Event: 14.918 GC heap before
{Heap before GC invocations=7 (full 0):
 PSYoungGen      total 18432K, used 18390K [0x00000000ec400000, 0x00000000ee100000, 0x0000000100000000)
  eden space 13312K, 99% used [0x00000000ec400000,0x00000000ed0fdb08,0x00000000ed100000)
  from space 5120K, 99% used [0x00000000ed800000,0x00000000edcf8020,0x00000000edd00000)
  to   space 7168K, 0% used [0x00000000ed100000,0x00000000ed100000,0x00000000ed800000)
 ParOldGen       total 40960K, used 6873K [0x00000000c4c00000, 0x00000000c7400000, 0x00000000ec400000)
  object space 40960K, 16% used [0x00000000c4c00000,0x00000000c52b6650,0x00000000c7400000)
 Metaspace       used 19888K, capacity 20934K, committed 21120K, reserved 1067008K
  class space    used 2673K, capacity 2882K, committed 2944K, reserved 1048576K
Event: 14.973 GC heap after
Heap after GC invocations=7 (full 0):
 PSYoungGen      total 20480K, used 6416K [0x00000000ec400000, 0x00000000eed00000, 0x0000000100000000)
  eden space 13312K, 0% used [0x00000000ec400000,0x00000000ec400000,0x00000000ed100000)
  from space 7168K, 89% used [0x00000000ed100000,0x00000000ed744010,0x00000000ed800000)
  to   space 7680K, 0% used [0x00000000ee580000,0x00000000ee580000,0x00000000eed00000)
 ParOldGen       total 40960K, used 8693K [0x00000000c4c00000, 0x00000000c7400000, 0x00000000ec400000)
  object space 40960K, 21% used [0x00000000c4c00000,0x00000000c547d7e0,0x00000000c7400000)
 Metaspace       used 19888K, capacity 20934K, committed 21120K, reserved 1067008K
  class space    used 2673K, capacity 2882K, committed 2944K, reserved 1048576K
}

Deoptimization events (10 events):
Event: 12.957 Thread 0x00000000183e3000 Uncommon trap: reason=unstable_if action=reinterpret pc=0x0000000004b24c00 method=java.lang.CharacterData.of(I)Ljava/lang/CharacterData; @ 4
Event: 13.193 Thread 0x00000000183e3000 Uncommon trap: reason=unstable_if action=reinterpret pc=0x000000000512476c method=javafx.scene.CssStyleHelper.lookup(Ljavafx/css/Styleable;Ljavafx/css/CssMetaData;Lcom/sun/javafx/css/StyleMap;Ljava/util/Set;Ljavafx/css/Styleable;Lcom/sun/javafx/css/Calcula•ÖuÄØµ*@
Event: 13.355 Thread 0x00000000183e3000 Uncommon trap: reason=unstable_if action=reinterpret pc=0x00000000051c13bc method=javafx.scene.CssStyleHelper.resolveRef(Ljavafx/css/Styleable;Ljava/lang/String;Lcom/sun/javafx/css/StyleMap;Ljava/util/Set;)Lcom/sun/javafx/css/CascadingStyle; @ 66
Event: 13.355 Thread 0x00000000183e3000 Uncommon trap: reason=unstable_if action=reinterpret pc=0x00000000051dac54 method=javafx.scene.CssStyleHelper.resolveRef(Ljavafx/css/Styleable;Ljava/lang/String;Lcom/sun/javafx/css/StyleMap;Ljava/util/Set;)Lcom/sun/javafx/css/CascadingStyle; @ 66
Event: 13.470 Thread 0x00000000183e3000 Uncommon trap: reason=unstable_if action=reinterpret pc=0x000000000514b49c method=java.util.WeakHashMap.eq(Ljava/lang/Object;Ljava/lang/Object;)Z @ 2
Event: 14.916 Thread 0x00000000183e3000 Uncommon trap: reason=unstable_if action=reinterpret pc=0x0000000004feec18 method=com.sun.javafx.css.BitSet.add(Ljava/lang/Object;)Z @ 91
Event: 14.916 Thread 0x00000000183e3000 Uncommon trap: reason=unstable_if action=reinterpret pc=0x00000000052b293c method=com.sun.javafx.css.BitSet.retainAll(Ljava/util/Collection;)Z @ 302
Event: 14.916 Thread 0x00000000183e3000 Uncommon trap: reason=unstable_if action=reinterpret pc=0x00000000050c7910 method=com.sun.javafx.css.SimpleSelector.stateMatches(Ljavafx/css/Styleable;Ljava/util/Set;)Z @ 1
Event: 15.008 Thread 0x00000000183e3000 Uncommon trap: reason=unstable_if action=reinterpret pc=0x00000000052974a0 method=com.sun.javafx.css.BitSet.retainAll(Ljava/util/Collection;)Z @ 302
Event: 15.011 Thread 0x00000000183e3000 Uncommon trap: reason=unstable_if action=reinterpret pc=0x000000000528d004 method=javafx.scene.CssStyleHelper.lookup(Ljavafx/css/Styleable;Ljavafx/css/CssMetaData;Lcom/sun/javafx/css/StyleMap;Ljava/util/Set;Ljavafx/css/Styleable;Lcom/sun/javafx/css/Calcula„JêÐé)@

Internal exceptions (10 events):
Event: 6.212 Thread 0x00000000183e3000 Exception <a 'java/security/PrivilegedActionException'> (0x00000000ed2391e8) thrown at [D:\re\workspace\8-2-build-windows-amd64-cygwin\jdk8u40\3098\hotspot\src\share\vm\prims\jvm.cpp, line 1382]
Event: 6.213 Thread 0x00000000183e3000 Exception <a 'java/security/PrivilegedActionException'> (0x00000000ed23e1f8) thrown at [D:\re\workspace\8-2-build-windows-amd64-cygwin\jdk8u40\3098\hotspot\src\share\vm\prims\jvm.cpp, line 1382]
Event: 6.213 Thread 0x00000000183e3000 Exception <a 'java/security/PrivilegedActionException'> (0x00000000ed23e6d0) thrown at [D:\re\workspace\8-2-build-windows-amd64-cygwin\jdk8u40\3098\hotspot\src\share\vm\prims\jvm.cpp, line 1382]
Event: 6.214 Thread 0x00000000183e3000 Exception <a 'java/security/PrivilegedActionException'> (0x00000000ed243550) thrown at [D:\re\workspace\8-2-build-windows-amd64-cygwin\jdk8u40\3098\hotspot\src\share\vm\prims\jvm.cpp, line 1382]
Event: 6.214 Thread 0x00000000183e3000 Exception <a 'java/security/PrivilegedActionException'> (0x00000000ed243a28) thrown at [D:\re\workspace\8-2-build-windows-amd64-cygwin\jdk8u40\3098\hotspot\src\share\vm\prims\jvm.cpp, line 1382]
Event: 9.505 Thread 0x00000000183e3000 Exception <a 'java/lang/ArrayIndexOutOfBoundsException'> (0x00000000eca79c40) thrown at [D:\re\workspace\8-2-build-windows-amd64-cygwin\jdk8u40\3098\hotspot\src\share\vm\runtime\sharedRuntime.cpp, line 605]
Event: 10.163 Thread 0x00000000183e3000 Implicit null exception at 0x0000000004c5d1b5 to 0x0000000004c5d385
Event: 10.163 Thread 0x00000000183e3000 Implicit null exception at 0x0000000004e2ee98 to 0x0000000004e2ef26
Event: 11.325 Thread 0x00000000183e3000 Implicit null exception at 0x0000000004e9d8b0 to 0x0000000004e9d91d
Event: 14.916 Thread 0x00000000183e3000 Implicit null exception at 0x00000000050c733c to 0x00000000050c78e5

Events (10 events):
Event: 15.013 loading class com/sun/javafx/scene/control/behavior/TableCellBehavior
Event: 15.013 loading class com/sun/javafx/scene/control/behavior/TableCellBehavior done
Event: 15.013 loading class com/sun/javafx/scene/control/behavior/TableCellBehaviorBase
Event: 15.013 loading class com/sun/javafx/scene/control/behavior/TableCellBehaviorBase done
Event: 15.017 loading class javafx/beans/Observable
Event: 15.018 loading class javafx/beans/Observable done
Event: 15.019 loading class javafx/beans/Observable
Event: 15.019 loading class javafx/beans/Observable done
Event: 15.019 loading class com/sun/javafx/scene/control/skin/TableCellSkinBase
Event: 15.019 loading class com/sun/javafx/scene/control/skin/TableCellSkinBase done


Dynamic libraries:
0x00007ff72d130000 - 0x00007ff72d167000 	C:\Program Files\Java\jdk1.8.0_40\bin\java.exe
0x00007ffdb3c70000 - 0x00007ffdb3e50000 	C:\Windows\SYSTEM32\ntdll.dll
0x00007ffdb32b0000 - 0x00007ffdb335e000 	C:\Windows\System32\KERNEL32.DLL
0x00007ffdb0070000 - 0x00007ffdb02d6000 	C:\Windows\System32\KERNELBASE.dll
0x00007ffdb3890000 - 0x00007ffdb3931000 	C:\Windows\System32\ADVAPI32.dll
0x00007ffdb3b40000 - 0x00007ffdb3bdd000 	C:\Windows\System32\msvcrt.dll
0x00007ffdb11b0000 - 0x00007ffdb120b000 	C:\Windows\System32\sechost.dll
0x00007ffdb3030000 - 0x00007ffdb314f000 	C:\Windows\System32\RPCRT4.dll
0x00007ffdb2860000 - 0x00007ffdb29ef000 	C:\Windows\System32\USER32.dll
0x00007ffdb09d0000 - 0x00007ffdb09f0000 	C:\Windows\System32\win32u.dll
0x00007ffdb2830000 - 0x00007ffdb2858000 	C:\Windows\System32\GDI32.dll
0x00007ffdb0790000 - 0x00007ffdb0923000 	C:\Windows\System32\gdi32full.dll
0x00007ffdb0930000 - 0x00007ffdb09cb000 	C:\Windows\System32\msvcp_win.dll
0x00007ffdb0360000 - 0x00007ffdb0456000 	C:\Windows\System32\ucrtbase.dll
0x00007ffd9c830000 - 0x00007ffd9ca99000 	C:\Windows\WinSxS\amd64_microsoft.windows.common-controls_6595b64144ccf1df_6.0.16299.371_none_15c7d1789365a290\COMCTL32.dll
0x00007ffdb34b0000 - 0x00007ffdb37b8000 	C:\Windows\System32\combase.dll
0x00007ffdb02e0000 - 0x00007ffdb0352000 	C:\Windows\System32\bcryptPrimitives.dll
0x00007ffdb2660000 - 0x00007ffdb268d000 	C:\Windows\System32\IMM32.DLL
0x0000000051540000 - 0x0000000051612000 	C:\Program Files\Java\jdk1.8.0_40\jre\bin\msvcr100.dll
0x0000000050cb0000 - 0x0000000051533000 	C:\Program Files\Java\jdk1.8.0_40\jre\bin\server\jvm.dll
0x00007ffdb2650000 - 0x00007ffdb2658000 	C:\Windows\System32\PSAPI.DLL
0x00007ffda7490000 - 0x00007ffda7499000 	C:\Windows\SYSTEM32\WSOCK32.dll
0x00007ffdb1140000 - 0x00007ffdb11ac000 	C:\Windows\System32\WS2_32.dll
0x00007ffdad090000 - 0x00007ffdad0b3000 	C:\Windows\SYSTEM32\WINMM.dll
0x00007ffda3d00000 - 0x00007ffda3d0a000 	C:\Windows\SYSTEM32\VERSION.dll
0x00007ffdad030000 - 0x00007ffdad05a000 	C:\Windows\SYSTEM32\WINMMBASE.dll
0x00007ffdb0460000 - 0x00007ffdb04aa000 	C:\Windows\System32\cfgmgr32.dll
0x0000000052530000 - 0x000000005253f000 	C:\Program Files\Java\jdk1.8.0_40\jre\bin\verify.dll
0x0000000050c80000 - 0x0000000050ca9000 	C:\Program Files\Java\jdk1.8.0_40\jre\bin\java.dll
0x0000000050c30000 - 0x0000000050c53000 	C:\Program Files\Java\jdk1.8.0_40\jre\bin\instrument.dll
0x0000000050c60000 - 0x0000000050c76000 	C:\Program Files\Java\jdk1.8.0_40\jre\bin\zip.dll
0x00007ffdb1210000 - 0x00007ffdb2646000 	C:\Windows\System32\SHELL32.dll
0x00007ffdb2a00000 - 0x00007ffdb2aa6000 	C:\Windows\System32\shcore.dll
0x00007ffdb09f0000 - 0x00007ffdb1137000 	C:\Windows\System32\windows.storage.dll
0x00007ffdb3250000 - 0x00007ffdb32a1000 	C:\Windows\System32\shlwapi.dll
0x00007ffdb0030000 - 0x00007ffdb0041000 	C:\Windows\System32\kernel.appcore.dll
0x00007ffdaffe0000 - 0x00007ffdb002c000 	C:\Windows\System32\powrprof.dll
0x00007ffdaffc0000 - 0x00007ffdaffdb000 	C:\Windows\System32\profapi.dll
0x00007ffda8270000 - 0x00007ffda828a000 	C:\Program Files\JetBrains\IntelliJ IDEA 2017.3.4\bin\breakgen64.dll
0x0000000050c10000 - 0x0000000050c2a000 	C:\Program Files\Java\jdk1.8.0_40\jre\bin\net.dll
0x00007ffdaf7f0000 - 0x00007ffdaf856000 	C:\Windows\system32\mswsock.dll
0x0000000050be0000 - 0x0000000050c0c000 	C:\Program Files\Java\jdk1.8.0_40\jre\bin\prism_d3d.dll
0x00007ffd8dd30000 - 0x00007ffd8dec5000 	C:\Windows\system32\d3d9.dll
0x00007ffdae860000 - 0x00007ffdae88a000 	C:\Windows\SYSTEM32\dwmapi.dll
0x00007ffdae5f0000 - 0x00007ffdae685000 	C:\Windows\system32\uxtheme.dll
0x00007ffd77620000 - 0x00007ffd7808e000 	C:\Windows\SYSTEM32\igdumdim64.dll
0x00007ffda9860000 - 0x00007ffda9cc4000 	C:\Windows\SYSTEM32\igdusc64.dll
0x0000000050b90000 - 0x0000000050bd1000 	C:\Program Files\Java\jdk1.8.0_40\jre\bin\glass.dll
0x00007ffdb2ab0000 - 0x00007ffdb2bba000 	C:\Windows\System32\COMDLG32.dll
0x00007ffdb3360000 - 0x00007ffdb34a9000 	C:\Windows\System32\ole32.dll
0x00007ffdb37c0000 - 0x00007ffdb3885000 	C:\Windows\System32\OLEAUT32.dll
0x00007ffdb3950000 - 0x00007ffdb3ab7000 	C:\Windows\System32\MSCTF.dll
0x0000000050b50000 - 0x0000000050b65000 	C:\Program Files\Java\jdk1.8.0_40\jre\bin\javafx_font.dll
0x00007ffda4ee0000 - 0x00007ffda51f0000 	C:\Windows\SYSTEM32\dwrite.dll
0x00007ffdaf5c0000 - 0x00007ffdaf676000 	C:\Windows\SYSTEM32\DNSAPI.dll
0x00007ffdb3940000 - 0x00007ffdb3948000 	C:\Windows\System32\NSI.dll
0x00007ffdaf580000 - 0x00007ffdaf5b9000 	C:\Windows\SYSTEM32\IPHLPAPI.DLL
0x00007ffda5e20000 - 0x00007ffda5e2a000 	C:\Windows\System32\rasadhlp.dll
0x00007ffda7510000 - 0x00007ffda7580000 	C:\Windows\System32\fwpuclnt.dll
0x00007ffdafac0000 - 0x00007ffdafae5000 	C:\Windows\SYSTEM32\bcrypt.dll
0x00007ffdb3150000 - 0x00007ffdb31ee000 	C:\Windows\System32\clbcatq.dll
0x00007ffdac670000 - 0x00007ffdac81b000 	C:\Windows\SYSTEM32\WindowsCodecs.dll
0x00007ffd9a850000 - 0x00007ffd9a89f000 	C:\Windows\system32\dataexchange.dll
0x00007ffdad4f0000 - 0x00007ffdad7d2000 	C:\Windows\system32\d3d11.dll
0x00007ffdade80000 - 0x00007ffdadfc2000 	C:\Windows\system32\dcomp.dll
0x00007ffdaedc0000 - 0x00007ffdaee6f000 	C:\Windows\system32\dxgi.dll
0x00007ffdae9e0000 - 0x00007ffdaeb5b000 	C:\Windows\system32\twinapi.appcore.dll
0x00007ffdae980000 - 0x00007ffdae9a0000 	C:\Windows\system32\RMCLIENT.dll
0x00007ffda24b0000 - 0x00007ffda24e4000 	C:\Program Files\Common Files\Microsoft Shared\Ink\rtscom.dll
0x00007ffda2570000 - 0x00007ffda2738000 	C:\Windows\SYSTEM32\dbghelp.dll

VM Arguments:
jvm_args: -javaagent:C:\Program Files\JetBrains\IntelliJ IDEA 2017.3.4\lib\idea_rt.jar=54530:C:\Program Files\JetBrains\IntelliJ IDEA 2017.3.4\bin -Dfile.encoding=UTF-8 
java_command: application.Main
java_class_path (initial): C:\Program Files\Java\jdk1.8.0_40\jre\lib\charsets.jar;C:\Program Files\Java\jdk1.8.0_40\jre\lib\deploy.jar;C:\Program Files\Java\jdk1.8.0_40\jre\lib\ext\access-bridge-64.jar;C:\Program Files\Java\jdk1.8.0_40\jre\lib\ext\cldrdata.jar;C:\Program Files\Java\jdk1.8.0_40\jre\lib\ext\dnsns.jar;C:\Program Files\Java\jdk1.8.0_40\jre\lib\ext\jaccess.jar;C:\Program Files\Java\jdk1.8.0_40\jre\lib\ext\jfxrt.jar;C:\Program Files\Java\jdk1.8.0_40\jre\lib\ext\localedata.jar;C:\Program Files\Java\jdk1.8.0_40\jre\lib\ext\nashorn.jar;C:\Program Files\Java\jdk1.8.0_40\jre\lib\ext\sunec.jar;C:\Program Files\Java\jdk1.8.0_40\jre\lib\ext\sunjce_provider.jar;C:\Program Files\Java\jdk1.8.0_40\jre\lib\ext\sunmscapi.jar;C:\Program Files\Java\jdk1.8.0_40\jre\lib\ext\sunpkcs11.jar;C:\Program Files\Java\jdk1.8.0_40\jre\lib\ext\zipfs.jar;C:\Program Files\Java\jdk1.8.0_40\jre\lib\javaws.jar;C:\Program Files\Java\jdk1.8.0_40\jre\lib\jce.jar;C:\Program Files\Java\jdk1.8.0_40\jre\lib\jfr.jar;C:\Program Files\Java\jdk1.8.0_40\jre\lib\jfxswt.jar;C:\Program Files\Java\jdk1.8.0_40\jre\lib\jsse.jar;C:\Program Files\Java\jdk1.8.0_40\jre\lib\management-agent.jar;C:\Program Files\Java\jdk1.8.0_40\jre\lib\plugin.jar;C:\Program Files\Java\jdk1.8.0_40\jre\lib\resources.jar;C:\Program Files\Java\jdk1.8.0_40\jre\lib\rt.jar;C:\Users\Serhii\IdeaProjects\NBD\target\classes;C:\Users\Serhii\.m2\repository\mysql\mysql-connector-java\5.1.6\mysql-connector-java-5.1.6.jar;C:\Users\Serhii\.m2\repository\org\apache\poi\poi\3.17\poi-3.17.jar;C:\Users\Serhii\.m2\repository\commons-codec\commons-codec\1.10\commons-codec-1.10.jar;C:\Users\Serhii\.m2\repository\org\apache\commons\commons-collections4\4.1\commons-collections4-4.1.jar;C:\Users\Serhii\.m2\repository\org\apache\poi\poi-ooxml\3.17\poi-ooxml-3.17.jar;C:\Users\Serhii\.m2\repository\org\apache\poi\poi-ooxml-schemas\3.17\poi-ooxml-schemas-3.17.jar;C:\Users\Serhii\.m2\repository\org\apache\xmlbeans\xmlbeans\2.6.0\xmlbeans-2.6.0.jar;C:\Users\
Launcher Type: SUN_STANDARD

Environment Variables:
PATH=C:\ProgramData\Oracle\Java\javapath;C:\Windows\system32;C:\Windows;C:\Windows\System32\Wbem;C:\Windows\System32\WindowsPowerShell\v1.0\;C:\Program Files\Git\cmd;C:\Users\Serhii\AppData\Local\Microsoft\WindowsApps;C:\Program Files\Heroku\bin
USERNAME=Serhii
OS=Windows_NT
PROCESSOR_IDENTIFIER=Intel64 Family 6 Model 58 Stepping 9, GenuineIntel



---------------  S Y S T E M  ---------------

OS: Windows 10.0 , 64 bit Build 16299 (10.0.16299.15)

CPU:total 2 (2 cores per cpu, 1 threads per core) family 6 model 58 stepping 9, cmov, cx8, fxsr, mmx, sse, sse2, sse3, ssse3, sse4.1, sse4.2, popcnt, clmul, erms, tsc, tscinvbit, tscinv

Memory: 4k page, physical 3880664k(415664k free), swap 5322456k(71704k free)

vm_info: Java HotSpot(TM) 64-Bit Server VM (25.40-b25) for windows-amd64 JRE (1.8.0_40-b26), built on Mar  7 2015 13:51:59 by "java_re" with MS VC++ 10.0 (VS2010)

time: Thu Apr 19 22:24:29 2018
elapsed time: 16 seconds (0d 0h 0m 16s)

